<?xml version="1.0" encoding="UTF-8"?>
<!-- Generated by org.testng.reporters.JUnitXMLReporter -->
<testsuite ignored="1" hostname="LAPTOP-FKS8PH8H" failures="0" tests="1" name="Test" time="32.937" errors="0" timestamp="2022-08-08T18:44:08 IST">
  <testcase classname="com.NhanceNow.BotTestCases.FlowBuilderPageTest" name="VerifySearchByName" time="23.141"/>
  <testcase classname="com.NhanceNow.BotTestCases.FlowBuilderPageTest" name="VerifyFlowBuilderBtn" time="0.0">
    <ignored/>
  </testcase> <!-- VerifyFlowBuilderBtn -->
</testsuite> <!-- Test -->
