<?xml version="1.0" encoding="UTF-8"?>
<testng-results ignored="0" total="2" passed="2" failed="0" skipped="0">
  <reporter-output>
  </reporter-output>
  <suite started-at="2022-08-04T15:33:42 IST" name="Suite" finished-at="2022-08-04T15:34:17 IST" duration-ms="35573">
    <groups>
    </groups>
    <test started-at="2022-08-04T15:33:42 IST" name="Test" finished-at="2022-08-04T15:34:17 IST" duration-ms="35573">
      <class name="com.NhanceNow.BotTestCases.FlowBuilderPageTest">
        <test-method is-config="true" signature="loadConfig()[pri:0, instance:com.NhanceNow.BotTestCases.FlowBuilderPageTest@25641d39]" started-at="2022-08-04T15:33:41 IST" name="loadConfig" finished-at="2022-08-04T15:33:42 IST" duration-ms="181" status="PASS">
          <reporter-output>
          </reporter-output>
        </test-method> <!-- loadConfig -->
        <test-method is-config="true" signature="setup()[pri:0, instance:com.NhanceNow.BotTestCases.FlowBuilderPageTest@25641d39]" started-at="2022-08-04T15:33:42 IST" name="setup" finished-at="2022-08-04T15:33:52 IST" duration-ms="10654" status="PASS">
          <reporter-output>
          </reporter-output>
        </test-method> <!-- setup -->
        <test-method signature="VerifySearchByName()[pri:0, instance:com.NhanceNow.BotTestCases.FlowBuilderPageTest@25641d39]" started-at="2022-08-04T15:33:52 IST" name="VerifySearchByName" finished-at="2022-08-04T15:34:03 IST" duration-ms="10470" status="PASS">
          <reporter-output>
          </reporter-output>
        </test-method> <!-- VerifySearchByName -->
        <test-method is-config="true" signature="tearDown()[pri:0, instance:com.NhanceNow.BotTestCases.FlowBuilderPageTest@25641d39]" started-at="2022-08-04T15:34:03 IST" name="tearDown" finished-at="2022-08-04T15:34:03 IST" duration-ms="181" status="PASS">
          <reporter-output>
          </reporter-output>
        </test-method> <!-- tearDown -->
        <test-method is-config="true" signature="setup()[pri:0, instance:com.NhanceNow.BotTestCases.FlowBuilderPageTest@25641d39]" started-at="2022-08-04T15:34:03 IST" name="setup" finished-at="2022-08-04T15:34:08 IST" duration-ms="4969" status="PASS">
          <reporter-output>
          </reporter-output>
        </test-method> <!-- setup -->
        <test-method signature="VerifyFlowBuilderBtn()[pri:0, instance:com.NhanceNow.BotTestCases.FlowBuilderPageTest@25641d39]" started-at="2022-08-04T15:34:08 IST" name="VerifyFlowBuilderBtn" finished-at="2022-08-04T15:34:17 IST" duration-ms="9103" status="PASS">
          <reporter-output>
          </reporter-output>
        </test-method> <!-- VerifyFlowBuilderBtn -->
        <test-method is-config="true" signature="tearDown()[pri:0, instance:com.NhanceNow.BotTestCases.FlowBuilderPageTest@25641d39]" started-at="2022-08-04T15:34:17 IST" name="tearDown" finished-at="2022-08-04T15:34:17 IST" duration-ms="157" status="PASS">
          <reporter-output>
          </reporter-output>
        </test-method> <!-- tearDown -->
        <test-method is-config="true" signature="afterSuite()[pri:0, instance:com.NhanceNow.BotTestCases.FlowBuilderPageTest@25641d39]" started-at="2022-08-04T15:34:17 IST" name="afterSuite" finished-at="2022-08-04T15:34:18 IST" duration-ms="294" status="PASS">
          <reporter-output>
          </reporter-output>
        </test-method> <!-- afterSuite -->
      </class> <!-- com.NhanceNow.BotTestCases.FlowBuilderPageTest -->
    </test> <!-- Test -->
  </suite> <!-- Suite -->
</testng-results>
