<?xml version="1.0" encoding="UTF-8"?>
<testng-results ignored="1" total="2" passed="1" failed="0" skipped="0">
  <reporter-output>
  </reporter-output>
  <suite started-at="2022-08-08T18:43:35 IST" name="Suite" finished-at="2022-08-08T18:44:08 IST" duration-ms="32937">
    <groups>
    </groups>
    <test started-at="2022-08-08T18:43:35 IST" name="Test" finished-at="2022-08-08T18:44:08 IST" duration-ms="32937">
      <class name="com.NhanceNow.BotTestCases.FlowBuilderPageTest">
        <test-method is-config="true" signature="loadConfig()[pri:0, instance:com.NhanceNow.BotTestCases.FlowBuilderPageTest@25641d39]" started-at="2022-08-08T18:43:35 IST" name="loadConfig" finished-at="2022-08-08T18:43:35 IST" duration-ms="203" status="PASS">
          <reporter-output>
          </reporter-output>
        </test-method> <!-- loadConfig -->
        <test-method is-config="true" signature="setup()[pri:0, instance:com.NhanceNow.BotTestCases.FlowBuilderPageTest@25641d39]" started-at="2022-08-08T18:43:35 IST" name="setup" finished-at="2022-08-08T18:43:44 IST" duration-ms="9319" status="PASS">
          <reporter-output>
          </reporter-output>
        </test-method> <!-- setup -->
        <test-method signature="VerifySearchByName()[pri:0, instance:com.NhanceNow.BotTestCases.FlowBuilderPageTest@25641d39]" started-at="2022-08-08T18:43:44 IST" name="VerifySearchByName" finished-at="2022-08-08T18:44:08 IST" duration-ms="23141" status="PASS">
          <reporter-output>
          </reporter-output>
        </test-method> <!-- VerifySearchByName -->
        <test-method is-config="true" signature="tearDown()[pri:0, instance:com.NhanceNow.BotTestCases.FlowBuilderPageTest@25641d39]" started-at="2022-08-08T18:44:08 IST" name="tearDown" finished-at="2022-08-08T18:44:08 IST" duration-ms="442" status="PASS">
          <reporter-output>
          </reporter-output>
        </test-method> <!-- tearDown -->
        <test-method is-config="true" signature="afterSuite()[pri:0, instance:com.NhanceNow.BotTestCases.FlowBuilderPageTest@25641d39]" started-at="2022-08-08T18:44:08 IST" name="afterSuite" finished-at="2022-08-08T18:44:08 IST" duration-ms="261" status="PASS">
          <reporter-output>
          </reporter-output>
        </test-method> <!-- afterSuite -->
      </class> <!-- com.NhanceNow.BotTestCases.FlowBuilderPageTest -->
    </test> <!-- Test -->
  </suite> <!-- Suite -->
</testng-results>
